This file contains any messages produced by compilers while
running configure, to aid debugging if configure makes a mistake.

It was created by modsecurity configure 3.0, which was
generated by GNU Autoconf 2.69.  Invocation command line was

  $ ./configure --prefix=/usr/local/modsecurity

## --------- ##
## Platform. ##
## --------- ##

hostname = localhost
uname -m = x86_64
uname -r = 3.10.0-693.el7.x86_64
uname -s = Linux
uname -v = #1 SMP Tue Aug 22 21:09:27 UTC 2017

/usr/bin/uname -p = x86_64
/bin/uname -X     = unknown

/bin/arch              = x86_64
/usr/bin/arch -k       = unknown
/usr/convex/getsysinfo = unknown
/usr/bin/hostinfo      = unknown
/bin/machine           = unknown
/usr/bin/oslevel       = unknown
/bin/universe          = unknown

PATH: /usr/local/sbin
PATH: /usr/local/bin
PATH: /usr/sbin
PATH: /usr/bin
PATH: /usr/local/go/bin
PATH: /root/golang/bin
PATH: /usr/local/mongodb/bin
PATH: /root/bin


## ----------- ##
## Core tests. ##
## ----------- ##

configure:2645: checking for a BSD-compatible install
configure:2713: result: /usr/bin/install -c
configure:2724: checking whether build environment is sane
configure:2779: result: yes
configure:2930: checking for a thread-safe mkdir -p
configure:2969: result: /usr/bin/mkdir -p
configure:2976: checking for gawk
configure:2992: found /usr/bin/gawk
configure:3003: result: gawk
configure:3014: checking whether make sets $(MAKE)
configure:3036: result: yes
configure:3065: checking whether make supports nested variables
configure:3082: result: yes
configure:3227: checking for g++
configure:3243: found /usr/bin/g++
configure:3254: result: g++
configure:3281: checking for C++ compiler version
configure:3290: g++ --version >&5
g++ (GCC) 4.8.5 20150623 (Red Hat 4.8.5-28)
Copyright (C) 2015 Free Software Foundation, Inc.
This is free software; see the source for copying conditions.  There is NO
warranty; not even for MERCHANTABILITY or FITNESS FOR A PARTICULAR PURPOSE.

configure:3301: $? = 0
configure:3290: g++ -v >&5
Using built-in specs.
COLLECT_GCC=g++
COLLECT_LTO_WRAPPER=/usr/libexec/gcc/x86_64-redhat-linux/4.8.5/lto-wrapper
Target: x86_64-redhat-linux
Configured with: ../configure --prefix=/usr --mandir=/usr/share/man --infodir=/usr/share/info --with-bugurl=http://bugzilla.redhat.com/bugzilla --enable-bootstrap --enable-shared --enable-threads=posix --enable-checking=release --with-system-zlib --enable-__cxa_atexit --disable-libunwind-exceptions --enable-gnu-unique-object --enable-linker-build-id --with-linker-hash-style=gnu --enable-languages=c,c++,objc,obj-c++,java,fortran,ada,go,lto --enable-plugin --enable-initfini-array --disable-libgcj --with-isl=/builddir/build/BUILD/gcc-4.8.5-20150702/obj-x86_64-redhat-linux/isl-install --with-cloog=/builddir/build/BUILD/gcc-4.8.5-20150702/obj-x86_64-redhat-linux/cloog-install --enable-gnu-indirect-function --with-tune=generic --with-arch_32=x86-64 --build=x86_64-redhat-linux
Thread model: posix
gcc version 4.8.5 20150623 (Red Hat 4.8.5-28) (GCC) 
configure:3301: $? = 0
configure:3290: g++ -V >&5
g++: error: unrecognized command line option '-V'
g++: fatal error: no input files
compilation terminated.
configure:3301: $? = 4
configure:3290: g++ -qversion >&5
g++: error: unrecognized command line option '-qversion'
g++: fatal error: no input files
compilation terminated.
configure:3301: $? = 4
configure:3321: checking whether the C++ compiler works
configure:3343: g++    conftest.cpp  >&5
configure:3347: $? = 0
configure:3395: result: yes
configure:3398: checking for C++ compiler default output file name
configure:3400: result: a.out
configure:3406: checking for suffix of executables
configure:3413: g++ -o conftest    conftest.cpp  >&5
configure:3417: $? = 0
configure:3439: result: 
configure:3461: checking whether we are cross compiling
configure:3469: g++ -o conftest    conftest.cpp  >&5
configure:3473: $? = 0
configure:3480: ./conftest
configure:3484: $? = 0
configure:3499: result: no
configure:3504: checking for suffix of object files
configure:3526: g++ -c   conftest.cpp >&5
configure:3530: $? = 0
configure:3551: result: o
configure:3555: checking whether we are using the GNU C++ compiler
configure:3574: g++ -c   conftest.cpp >&5
configure:3574: $? = 0
configure:3583: result: yes
configure:3592: checking whether g++ accepts -g
configure:3612: g++ -c -g  conftest.cpp >&5
configure:3612: $? = 0
configure:3653: result: yes
configure:3687: checking for style of include used by make
configure:3715: result: GNU
configure:3741: checking dependency style of g++
configure:3852: result: gcc3
configure:3915: checking for gcc
configure:3931: found /usr/bin/gcc
configure:3942: result: gcc
configure:4171: checking for C compiler version
configure:4180: gcc --version >&5
gcc (GCC) 4.8.5 20150623 (Red Hat 4.8.5-28)
Copyright (C) 2015 Free Software Foundation, Inc.
This is free software; see the source for copying conditions.  There is NO
warranty; not even for MERCHANTABILITY or FITNESS FOR A PARTICULAR PURPOSE.

configure:4191: $? = 0
configure:4180: gcc -v >&5
Using built-in specs.
COLLECT_GCC=gcc
COLLECT_LTO_WRAPPER=/usr/libexec/gcc/x86_64-redhat-linux/4.8.5/lto-wrapper
Target: x86_64-redhat-linux
Configured with: ../configure --prefix=/usr --mandir=/usr/share/man --infodir=/usr/share/info --with-bugurl=http://bugzilla.redhat.com/bugzilla --enable-bootstrap --enable-shared --enable-threads=posix --enable-checking=release --with-system-zlib --enable-__cxa_atexit --disable-libunwind-exceptions --enable-gnu-unique-object --enable-linker-build-id --with-linker-hash-style=gnu --enable-languages=c,c++,objc,obj-c++,java,fortran,ada,go,lto --enable-plugin --enable-initfini-array --disable-libgcj --with-isl=/builddir/build/BUILD/gcc-4.8.5-20150702/obj-x86_64-redhat-linux/isl-install --with-cloog=/builddir/build/BUILD/gcc-4.8.5-20150702/obj-x86_64-redhat-linux/cloog-install --enable-gnu-indirect-function --with-tune=generic --with-arch_32=x86-64 --build=x86_64-redhat-linux
Thread model: posix
gcc version 4.8.5 20150623 (Red Hat 4.8.5-28) (GCC) 
configure:4191: $? = 0
configure:4180: gcc -V >&5
gcc: error: unrecognized command line option '-V'
gcc: fatal error: no input files
compilation terminated.
configure:4191: $? = 4
configure:4180: gcc -qversion >&5
gcc: error: unrecognized command line option '-qversion'
gcc: fatal error: no input files
compilation terminated.
configure:4191: $? = 4
configure:4195: checking whether we are using the GNU C compiler
configure:4214: gcc -c   conftest.c >&5
configure:4214: $? = 0
configure:4223: result: yes
configure:4232: checking whether gcc accepts -g
configure:4252: gcc -c -g  conftest.c >&5
configure:4252: $? = 0
configure:4293: result: yes
configure:4310: checking for gcc option to accept ISO C89
configure:4373: gcc  -c -g -O2  conftest.c >&5
configure:4373: $? = 0
configure:4386: result: none needed
configure:4408: checking dependency style of gcc
configure:4519: result: gcc3
configure:4584: checking for ar
configure:4600: found /usr/bin/ar
configure:4611: result: ar
configure:4637: checking the archiver (ar) interface
configure:4647: gcc -c -g -O2  conftest.c >&5
configure:4647: $? = 0
configure:4649: ar cru libconftest.a conftest.o >&5
configure:4652: $? = 0
configure:4675: result: ar
configure:4695: checking whether make sets $(MAKE)
configure:4717: result: yes
configure:4733: checking for "others/libinjection/src/libinjection_html5.c"
configure:4747: result: yes
configure:4885: checking pkg-config is at least version 0.9.0
configure:4888: result: yes
configure:4957: Nothing about GeoIP was informed during the configure phase. Trying to detect it on the platform...
configure:5103: YAJL library was not found
configure:5211: Nothing about GeoIP was informed during the configure phase. Trying to detect it on the platform...
configure:5363: GeoIP library was not found
configure:5469: Nothing about MaxMind was informed during the configure phase. Trying to detect it on the platform...
configure:5621: MaxMind library was not found
configure:5724: Nothing about LMDB was informed during the configure phase. Trying to detect it on the platform...
configure:5884: LMDB library was not found
configure:6044: SSDEEP library was not found
configure:6183: LUA headers found at: /usr/include
configure:6178: LUA library found at: /usr/lib64//liblua.so
configure:6183: LUA headers found at: /usr/include
configure:6208: gcc -c -g -O2  conftest.c >&5
conftest.c:11:18: warning: extra tokens at end of #include directive [enabled by default]
  #include <lua.h>>
                  ^
configure:6208: $? = 0
configure:6231: gcc -c -g -O2  conftest.c >&5
conftest.c: In function 'main':
conftest.c:18:29: error: #error Lua 5.2 not detected
                            #error Lua 5.2 not detected
                             ^
configure:6231: $? = 1
configure: failed program was:
| /* confdefs.h */
| #define PACKAGE_NAME "modsecurity"
| #define PACKAGE_TARNAME "modsecurity"
| #define PACKAGE_VERSION "3.0"
| #define PACKAGE_STRING "modsecurity 3.0"
| #define PACKAGE_BUGREPORT "security@modsecurity.org"
| #define PACKAGE_URL ""
| #define PACKAGE "modsecurity"
| #define VERSION "3.0"
| /* end confdefs.h.  */
|  #include <lua.h>
| int
| main ()
| {
|  #if (LUA_VERSION_NUM == 502)
|                            return 0;
|                            #else
|                            #error Lua 5.2 not detected
|                            #endif
|   ;
|   return 0;
| }
configure:6252: LUA version from includes: 501
configure:6313: using LUA -llua
configure:6362: checking for libcurl config script
configure:6439: result: no
configure:6460: *** curl library not found.
configure:6504: checking for libxml2 config script
configure:6534: result: /usr/bin/xml2-config
configure:6537: xml VERSION: 2.9.1
configure:6540: xml CFLAGS: -I/usr/include/libxml2 -DWITH_LIBXML2
configure:6543: xml LDADD: -lxml2 -lz -lm -ldl
configure:6546: checking if libxml2 is at least v2.6.29
configure:6551: result: yes, 2.9.1
configure:6595: using libxml2 v2.9.1
configure:6618: checking for libpcre config script
configure:6648: result: /usr/bin/pcre-config
configure:6651: pcre VERSION: 8.32
configure:6657: pcre LDADD: -lpcre
configure:6660: pcre PCRE_LD_PATH: /-lpcre
configure:6668: checking for PCRE JIT
configure:6689: gcc -c  -g -O2  conftest.c >&5
configure:6689: $? = 0
configure:6698: result: yes
configure:6722: using pcre v8.32
configure:6736: checking how to run the C preprocessor
configure:6767: gcc -E  conftest.c
configure:6767: $? = 0
configure:6781: gcc -E  conftest.c
conftest.c:11:28: fatal error: ac_nonexistent.h: No such file or directory
 #include <ac_nonexistent.h>
                            ^
compilation terminated.
configure:6781: $? = 1
configure: failed program was:
| /* confdefs.h */
| #define PACKAGE_NAME "modsecurity"
| #define PACKAGE_TARNAME "modsecurity"
| #define PACKAGE_VERSION "3.0"
| #define PACKAGE_STRING "modsecurity 3.0"
| #define PACKAGE_BUGREPORT "security@modsecurity.org"
| #define PACKAGE_URL ""
| #define PACKAGE "modsecurity"
| #define VERSION "3.0"
| /* end confdefs.h.  */
| #include <ac_nonexistent.h>
configure:6806: result: gcc -E
configure:6826: gcc -E  conftest.c
configure:6826: $? = 0
configure:6840: gcc -E  conftest.c
conftest.c:11:28: fatal error: ac_nonexistent.h: No such file or directory
 #include <ac_nonexistent.h>
                            ^
compilation terminated.
configure:6840: $? = 1
configure: failed program was:
| /* confdefs.h */
| #define PACKAGE_NAME "modsecurity"
| #define PACKAGE_TARNAME "modsecurity"
| #define PACKAGE_VERSION "3.0"
| #define PACKAGE_STRING "modsecurity 3.0"
| #define PACKAGE_BUGREPORT "security@modsecurity.org"
| #define PACKAGE_URL ""
| #define PACKAGE "modsecurity"
| #define VERSION "3.0"
| /* end confdefs.h.  */
| #include <ac_nonexistent.h>
configure:6869: checking for grep that handles long lines and -e
configure:6927: result: /usr/bin/grep
configure:6932: checking for egrep
configure:6994: result: /usr/bin/grep -E
configure:6999: checking for ANSI C header files
configure:7019: gcc -c -g -O2  conftest.c >&5
configure:7019: $? = 0
configure:7092: gcc -o conftest -g -O2   -lpcre conftest.c  >&5
configure:7092: $? = 0
configure:7092: ./conftest
configure:7092: $? = 0
configure:7103: result: yes
configure:7116: checking for sys/types.h
configure:7116: gcc -c -g -O2  conftest.c >&5
configure:7116: $? = 0
configure:7116: result: yes
configure:7116: checking for sys/stat.h
configure:7116: gcc -c -g -O2  conftest.c >&5
configure:7116: $? = 0
configure:7116: result: yes
configure:7116: checking for stdlib.h
configure:7116: gcc -c -g -O2  conftest.c >&5
configure:7116: $? = 0
configure:7116: result: yes
configure:7116: checking for string.h
configure:7116: gcc -c -g -O2  conftest.c >&5

## ---------------- ##
## Cache variables. ##
## ---------------- ##

ac_cv_c_compiler_gnu=yes
ac_cv_cxx_compiler_gnu=yes
ac_cv_env_CCC_set=
ac_cv_env_CCC_value=
ac_cv_env_CC_set=
ac_cv_env_CC_value=
ac_cv_env_CFLAGS_set=
ac_cv_env_CFLAGS_value=
ac_cv_env_CPPFLAGS_set=
ac_cv_env_CPPFLAGS_value=
ac_cv_env_CPP_set=
ac_cv_env_CPP_value=
ac_cv_env_CXXCPP_set=
ac_cv_env_CXXCPP_value=
ac_cv_env_CXXFLAGS_set=
ac_cv_env_CXXFLAGS_value=
ac_cv_env_CXX_set=
ac_cv_env_CXX_value=
ac_cv_env_DOXYGEN_PAPER_SIZE_set=
ac_cv_env_DOXYGEN_PAPER_SIZE_value=
ac_cv_env_LDFLAGS_set=
ac_cv_env_LDFLAGS_value=
ac_cv_env_LIBS_set=
ac_cv_env_LIBS_value=
ac_cv_env_PKG_CONFIG_LIBDIR_set=
ac_cv_env_PKG_CONFIG_LIBDIR_value=
ac_cv_env_PKG_CONFIG_PATH_set=set
ac_cv_env_PKG_CONFIG_PATH_value=/usr/share/pkgconfig:/usr/lib/pkgconfig:/usr/local/lib64/pkgconfig
ac_cv_env_PKG_CONFIG_set=set
ac_cv_env_PKG_CONFIG_value=/usr/local/bin/pkg-config
ac_cv_env_YACC_set=
ac_cv_env_YACC_value=
ac_cv_env_YFLAGS_set=
ac_cv_env_YFLAGS_value=
ac_cv_env_build_alias_set=
ac_cv_env_build_alias_value=
ac_cv_env_host_alias_set=
ac_cv_env_host_alias_value=
ac_cv_env_target_alias_set=
ac_cv_env_target_alias_value=
ac_cv_file_others_libinjection_src_libinjection_html5_c=yes
ac_cv_header_stdc=yes
ac_cv_header_stdlib_h=yes
ac_cv_header_sys_stat_h=yes
ac_cv_header_sys_types_h=yes
ac_cv_objext=o
ac_cv_path_EGREP='/usr/bin/grep -E'
ac_cv_path_GREP=/usr/bin/grep
ac_cv_path_install='/usr/bin/install -c'
ac_cv_path_mkdir=/usr/bin/mkdir
ac_cv_prog_AWK=gawk
ac_cv_prog_CPP='gcc -E'
ac_cv_prog_ac_ct_AR=ar
ac_cv_prog_ac_ct_CC=gcc
ac_cv_prog_ac_ct_CXX=g++
ac_cv_prog_cc_c89=
ac_cv_prog_cc_g=yes
ac_cv_prog_cxx_g=yes
ac_cv_prog_make_make_set=yes
am_cv_CC_dependencies_compiler_type=gcc3
am_cv_CXX_dependencies_compiler_type=gcc3
am_cv_ar_interface=ar
am_cv_make_support_nested_variables=yes

## ----------------- ##
## Output variables. ##
## ----------------- ##

ACLOCAL='${SHELL} /gitroot_fanpf/source/ngx_security_waf/ModSecurity/missing aclocal-1.13'
AFL_FUZZER_FALSE=''
AFL_FUZZER_TRUE=''
AMDEPBACKSLASH='\'
AMDEP_FALSE='#'
AMDEP_TRUE=''
AMTAR='$${TAR-tar}'
AM_BACKSLASH='\'
AM_DEFAULT_V='$(AM_DEFAULT_VERBOSITY)'
AM_DEFAULT_VERBOSITY='1'
AM_V='$(V)'
AR='ar'
AUTOCONF='${SHELL} /gitroot_fanpf/source/ngx_security_waf/ModSecurity/missing autoconf'
AUTOHEADER='${SHELL} /gitroot_fanpf/source/ngx_security_waf/ModSecurity/missing autoheader'
AUTOMAKE='${SHELL} /gitroot_fanpf/source/ngx_security_waf/ModSecurity/missing automake-1.13'
AWK='gawk'
BISON=''
BUILD_PARSER_FALSE=''
BUILD_PARSER_TRUE=''
CC='gcc'
CCDEPMODE='depmode=gcc3'
CFLAGS='-g -O2'
CPP='gcc -E'
CPPFLAGS=''
CURL_CFLAGS=''
CURL_CONFIG='curl-config'
CURL_CPPFLAGS=''
CURL_DISPLAY=''
CURL_FOUND='0'
CURL_LDADD=''
CURL_LDFLAGS=''
CURL_USES_GNUTLS=''
CURL_VERSION=''
CXX='g++'
CXXCPP=''
CXXDEPMODE='depmode=gcc3'
CXXFLAGS='-g -O2'
CYGPATH_W='echo'
DEFS=''
DEPDIR='.deps'
DLLTOOL=''
DOXYGEN_PAPER_SIZE=''
DSYMUTIL=''
DUMPBIN=''
DX_COND_chi_FALSE=''
DX_COND_chi_TRUE=''
DX_COND_chm_FALSE=''
DX_COND_chm_TRUE=''
DX_COND_doc_FALSE=''
DX_COND_doc_TRUE=''
DX_COND_dot_FALSE=''
DX_COND_dot_TRUE=''
DX_COND_html_FALSE=''
DX_COND_html_TRUE=''
DX_COND_latex_FALSE=''
DX_COND_latex_TRUE=''
DX_COND_man_FALSE=''
DX_COND_man_TRUE=''
DX_COND_pdf_FALSE=''
DX_COND_pdf_TRUE=''
DX_COND_ps_FALSE=''
DX_COND_ps_TRUE=''
DX_COND_rtf_FALSE=''
DX_COND_rtf_TRUE=''
DX_COND_xml_FALSE=''
DX_COND_xml_TRUE=''
DX_CONFIG=''
DX_DOCDIR=''
DX_DOT=''
DX_DOXYGEN=''
DX_DVIPS=''
DX_EGREP=''
DX_ENV=''
DX_FLAG_chi=''
DX_FLAG_chm=''
DX_FLAG_doc=''
DX_FLAG_dot=''
DX_FLAG_html=''
DX_FLAG_man=''
DX_FLAG_pdf=''
DX_FLAG_ps=''
DX_FLAG_rtf=''
DX_FLAG_xml=''
DX_HHC=''
DX_LATEX=''
DX_MAKEINDEX=''
DX_PDFLATEX=''
DX_PERL=''
DX_PROJECT=''
ECHO_C=''
ECHO_N='-n'
ECHO_T=''
EGREP='/usr/bin/grep -E'
ENABLE_VALGRIND_drd=''
ENABLE_VALGRIND_helgrind=''
ENABLE_VALGRIND_memcheck=''
ENABLE_VALGRIND_sgcheck=''
EXAMPLES_FALSE=''
EXAMPLES_TRUE=''
EXEEXT=''
FGREP=''
FLEX=''
GEOIP_CFLAGS=''
GEOIP_CFLAGS_FALSE='#'
GEOIP_CFLAGS_TRUE=''
GEOIP_DISPLAY=''
GEOIP_FOUND='0'
GEOIP_LDADD=''
GEOIP_LDFLAGS=''
GEOIP_LIBS=''
GEOIP_VERSION=''
GLOBAL_CFLAGS=''
GLOBAL_CPPFLAGS=''
GLOBAL_LDADD=''
GREP='/usr/bin/grep'
INSTALL_DATA='${INSTALL} -m 644'
INSTALL_PROGRAM='${INSTALL}'
INSTALL_SCRIPT='${INSTALL}'
INSTALL_STRIP_PROGRAM='$(install_sh) -c -s'
LD=''
LDFLAGS=' -lpcre'
LEX=''
LEXLIB=''
LEX_OUTPUT_ROOT=''
LIBOBJS=''
LIBS=''
LIBTOOL=''
LIBXML2_CFLAGS='-I/usr/include/libxml2 -DWITH_LIBXML2'
LIBXML2_CONFIG='/usr/bin/xml2-config'
LIBXML2_CPPFLAGS=''
LIBXML2_DISPLAY='-lxml2 -lz -lm -ldl, -I/usr/include/libxml2 -DWITH_LIBXML2'
LIBXML2_FOUND='1'
LIBXML2_LDADD='-lxml2 -lz -lm -ldl'
LIBXML2_LDFLAGS=''
LIBXML2_VERSION='2.9.1'
LIPO=''
LMDB_CFLAGS=''
LMDB_CFLAGS_FALSE='#'
LMDB_CFLAGS_TRUE=''
LMDB_DISPLAY=''
LMDB_FOUND='0'
LMDB_LDADD=''
LMDB_LDFLAGS=''
LMDB_LIBS=''
LMDB_VERSION=''
LN_S=''
LTLIBOBJS=''
LUA_CFLAGS='-DWITH_LUA -DWITH_LUA_5_1 -I/usr/include'
LUA_CFLAGS_FALSE='#'
LUA_CFLAGS_TRUE=''
LUA_DISPLAY='-llua -L/usr/lib64/, -DWITH_LUA -DWITH_LUA_5_1 -I/usr/include'
LUA_FOUND='1'
LUA_LDADD='-llua'
LUA_LDFLAGS='-L/usr/lib64/'
MAKEINFO='${SHELL} /gitroot_fanpf/source/ngx_security_waf/ModSecurity/missing makeinfo'
MANIFEST_TOOL=''
MAXMIND_CFLAGS=''
MAXMIND_CFLAGS_FALSE='#'
MAXMIND_CFLAGS_TRUE=''
MAXMIND_DISPLAY=''
MAXMIND_FOUND='0'
MAXMIND_LDADD=''
MAXMIND_LDFLAGS=''
MAXMIND_LIBS=''
MAXMIND_VERSION=''
MKDIR_P='/usr/bin/mkdir -p'
MODSEC_MUTEX_ON_PM=''
MODSEC_NO_LOGS=''
MSC_BASE_DIR=''
MSC_GIT_VERSION=''
MSC_VERSION=''
MSC_VERSION_INFO=''
MSC_VERSION_WITH_PATCHLEVEL=''
NM=''
NMEDIT=''
OBJDUMP=''
OBJEXT='o'
OTOOL64=''
OTOOL=''
PACKAGE='modsecurity'
PACKAGE_BUGREPORT='security@modsecurity.org'
PACKAGE_NAME='modsecurity'
PACKAGE_STRING='modsecurity 3.0'
PACKAGE_TARNAME='modsecurity'
PACKAGE_URL=''
PACKAGE_VERSION='3.0'
PATH_SEPARATOR=':'
PCRE_CFLAGS=' -DPCRE_HAVE_JIT'
PCRE_CONFIG='/usr/bin/pcre-config'
PCRE_CPPFLAGS=''
PCRE_LDADD='-lpcre -lpcre'
PCRE_LDFLAGS=''
PCRE_LD_PATH='/-lpcre'
PCRE_VERSION='8.32'
PKG_CONFIG='/usr/local/bin/pkg-config'
PKG_CONFIG_LIBDIR=''
PKG_CONFIG_PATH='/usr/share/pkgconfig:/usr/lib/pkgconfig:/usr/local/lib64/pkgconfig'
RANLIB=''
SED=''
SET_MAKE=''
SHELL='/bin/sh'
SSDEEP_CFLAGS=''
SSDEEP_CFLAGS_FALSE='#'
SSDEEP_CFLAGS_TRUE=''
SSDEEP_DISPLAY=''
SSDEEP_FOUND='0'
SSDEEP_LDADD=''
SSDEEP_LDFLAGS=''
STRIP=''
TEST_UTILITIES_FALSE=''
TEST_UTILITIES_TRUE=''
USE_MUTEX_ON_PM_FALSE=''
USE_MUTEX_ON_PM_TRUE=''
VALGRIND=''
VALGRIND_CHECK_RULES=''
VALGRIND_ENABLED=''
VALGRIND_ENABLED_FALSE=''
VALGRIND_ENABLED_TRUE=''
VERSION='3.0'
YACC=''
YACC_INST=''
YAJL_CFLAGS=''
YAJL_DISPLAY=''
YAJL_FOUND='0'
YAJL_LDADD=''
YAJL_LDFLAGS=''
YAJL_LIBS=''
YAJL_VERSION=''
YAJL_VERSION_FALSE=''
YAJL_VERSION_TRUE='#'
YFLAGS=''
ac_ct_AR='ar'
ac_ct_CC='gcc'
ac_ct_CXX='g++'
ac_ct_DUMPBIN=''
am__EXEEXT_FALSE=''
am__EXEEXT_TRUE=''
am__fastdepCC_FALSE='#'
am__fastdepCC_TRUE=''
am__fastdepCXX_FALSE='#'
am__fastdepCXX_TRUE=''
am__include='include'
am__isrc=''
am__leading_dot='.'
am__nodep='_no'
am__quote=''
am__tar='$${TAR-tar} chof - "$$tardir"'
am__untar='$${TAR-tar} xf -'
bindir='${exec_prefix}/bin'
build=''
build_alias=''
build_cpu=''
build_os=''
build_vendor=''
datadir='${datarootdir}'
datarootdir='${prefix}/share'
docdir='${datarootdir}/doc/${PACKAGE_TARNAME}'
dvidir='${docdir}'
exec_prefix='NONE'
host=''
host_alias=''
host_cpu=''
host_os=''
host_vendor=''
htmldir='${docdir}'
includedir='${prefix}/include'
infodir='${datarootdir}/info'
install_sh='${SHELL} /gitroot_fanpf/source/ngx_security_waf/ModSecurity/install-sh'
libdir='${exec_prefix}/lib'
libexecdir='${exec_prefix}/libexec'
localedir='${datarootdir}/locale'
localstatedir='${prefix}/var'
mandir='${datarootdir}/man'
mkdir_p='$(MKDIR_P)'
oldincludedir='/usr/include'
pdfdir='${docdir}'
prefix='/usr/local/modsecurity'
program_transform_name='s,x,x,'
psdir='${docdir}'
sbindir='${exec_prefix}/sbin'
sharedstatedir='${prefix}/com'
sysconfdir='${prefix}/etc'
target_alias=''
valgrind_enabled_tools=''
valgrind_tools=''

## ----------- ##
## confdefs.h. ##
## ----------- ##

/* confdefs.h */
#define PACKAGE_NAME "modsecurity"
#define PACKAGE_TARNAME "modsecurity"
#define PACKAGE_VERSION "3.0"
#define PACKAGE_STRING "modsecurity 3.0"
#define PACKAGE_BUGREPORT "security@modsecurity.org"
#define PACKAGE_URL ""
#define PACKAGE "modsecurity"
#define VERSION "3.0"
#define STDC_HEADERS 1
#define HAVE_SYS_TYPES_H 1
#define HAVE_SYS_STAT_H 1
#define HAVE_STDLIB_H 1

configure: caught signal 2
configure: exit 1
